<?xml version="1.0" encoding="UTF-8"?>
<!-- Generated by org.testng.reporters.JUnitReportReporter -->
<testsuite hostname="LAPTOP-U43VOP2V" failures="0" tests="1" name="com.crm.comcast.contactTest.DeleteContact_3_Test" time="37.958" errors="0" timestamp="2022-06-09T17:33:01 IST" skipped="0">
  <testcase classname="com.crm.comcast.contactTest.DeleteContact_3_Test" name="DeleteContact" time="37.958"/>
  <system-out/>
</testsuite> <!-- com.crm.comcast.contactTest.DeleteContact_3_Test -->
