<?xml version="1.0" encoding="UTF-8"?>
<!-- Generated by org.testng.reporters.JUnitReportReporter -->
<testsuite hostname="LAPTOP-U43VOP2V" failures="0" tests="1" name="practice.ContactTest" time="37.873" errors="0" timestamp="2022-06-09T17:12:32 IST" skipped="0">
  <testcase classname="practice.ContactTest" name="CreateContact" time="37.873"/>
  <system-out/>
</testsuite> <!-- practice.ContactTest -->
