<?xml version="1.0" encoding="UTF-8"?>
<!-- Generated by org.testng.reporters.JUnitReportReporter -->
<testsuite hostname="LAPTOP-U43VOP2V" failures="0" tests="1" name="practice.CreateContactTest" time="35.532" errors="0" timestamp="2022-06-09T16:26:15 IST" skipped="0">
  <testcase classname="practice.CreateContactTest" name="CreateContact" time="35.532"/>
  <system-out/>
</testsuite> <!-- practice.CreateContactTest -->
