<?xml version="1.0" encoding="UTF-8"?>
<!-- Generated by org.testng.reporters.JUnitReportReporter -->
<testsuite hostname="LAPTOP-U43VOP2V" failures="0" tests="1" name="com.crm.comcast.organizationTest.CreateOrgTest" time="39.789" errors="0" timestamp="2022-06-09T16:11:22 IST" skipped="0">
  <testcase classname="com.crm.comcast.organizationTest.CreateOrgTest" name="CreateOrg" time="39.789"/>
  <system-out/>
</testsuite> <!-- com.crm.comcast.organizationTest.CreateOrgTest -->
